Determining if the pthread_create exist failed with the following output:
Change Dir: /home/jack/proj1ws/build/CMakeFiles/CMakeTmp

Run Build Command:"/usr/bin/make" "cmTC_08e15/fast"
/usr/bin/make -f CMakeFiles/cmTC_08e15.dir/build.make CMakeFiles/cmTC_08e15.dir/build
make[1]: Entering directory '/home/jack/proj1ws/build/CMakeFiles/CMakeTmp'
Building C object CMakeFiles/cmTC_08e15.dir/CheckSymbolExists.c.o
/usr/bin/cc    -o CMakeFiles/cmTC_08e15.dir/CheckSymbolExists.c.o   -c /home/jack/proj1ws/build/CMakeFiles/CMakeTmp/CheckSymbolExists.c
Linking C executable cmTC_08e15
/usr/bin/cmake -E cmake_link_script CMakeFiles/cmTC_08e15.dir/link.txt --verbose=1
/usr/bin/cc      -rdynamic CMakeFiles/cmTC_08e15.dir/CheckSymbolExists.c.o  -o cmTC_08e15 
CMakeFiles/cmTC_08e15.dir/CheckSymbolExists.c.o: In function `main':
CheckSymbolExists.c:(.text+0x1b): undefined reference to `pthread_create'
collect2: error: ld returned 1 exit status
CMakeFiles/cmTC_08e15.dir/build.make:97: recipe for target 'cmTC_08e15' failed
make[1]: *** [cmTC_08e15] Error 1
make[1]: Leaving directory '/home/jack/proj1ws/build/CMakeFiles/CMakeTmp'
Makefile:126: recipe for target 'cmTC_08e15/fast' failed
make: *** [cmTC_08e15/fast] Error 2

File /home/jack/proj1ws/build/CMakeFiles/CMakeTmp/CheckSymbolExists.c:
/* */
#include <pthread.h>

int main(int argc, char** argv)
{
  (void)argv;
#ifndef pthread_create
  return ((int*)(&pthread_create))[argc];
#else
  (void)argc;
  return 0;
#endif
}

Determining if the function pthread_create exists in the pthreads failed with the following output:
Change Dir: /home/jack/proj1ws/build/CMakeFiles/CMakeTmp

Run Build Command:"/usr/bin/make" "cmTC_70de5/fast"
/usr/bin/make -f CMakeFiles/cmTC_70de5.dir/build.make CMakeFiles/cmTC_70de5.dir/build
make[1]: Entering directory '/home/jack/proj1ws/build/CMakeFiles/CMakeTmp'
Building C object CMakeFiles/cmTC_70de5.dir/CheckFunctionExists.c.o
/usr/bin/cc   -DCHECK_FUNCTION_EXISTS=pthread_create   -o CMakeFiles/cmTC_70de5.dir/CheckFunctionExists.c.o   -c /usr/share/cmake-3.10/Modules/CheckFunctionExists.c
Linking C executable cmTC_70de5
/usr/bin/cmake -E cmake_link_script CMakeFiles/cmTC_70de5.dir/link.txt --verbose=1
/usr/bin/cc  -DCHECK_FUNCTION_EXISTS=pthread_create    -rdynamic CMakeFiles/cmTC_70de5.dir/CheckFunctionExists.c.o  -o cmTC_70de5 -lpthreads 
/usr/bin/ld: cannot find -lpthreads
collect2: error: ld returned 1 exit status
CMakeFiles/cmTC_70de5.dir/build.make:97: recipe for target 'cmTC_70de5' failed
make[1]: *** [cmTC_70de5] Error 1
make[1]: Leaving directory '/home/jack/proj1ws/build/CMakeFiles/CMakeTmp'
Makefile:126: recipe for target 'cmTC_70de5/fast' failed
make: *** [cmTC_70de5/fast] Error 2


